<?xml version="1.0" encoding="UTF-8"?>
<!-- Generated by org.testng.reporters.JUnitReportReporter -->
<testsuite hostname="DESKTOP-1H7R2FA" failures="0" tests="1" name="TestNgFeatures.Sample" time="0.014" errors="0" timestamp="2022-02-19T20:53:35 IST" skipped="0">
  <testcase classname="TestNgFeatures.Sample" name="setup" time="0.014"/>
  <system-out/>
</testsuite> <!-- TestNgFeatures.Sample -->
